restarting Node.JS app
==== Fri Mar 1 19:12:58 CET 2013 ====
files changed: 6
restarting Node.JS app
npm WARN package.json application-name@0.0.1 No README.md file found!
npm http GET https://registry.npmjs.org/express/2.5.0
npm http GET https://registry.npmjs.org/jade
npm http 200 https://registry.npmjs.org/express/2.5.0
npm http GET https://registry.npmjs.org/express/-/express-2.5.0.tgz
npm http 200 https://registry.npmjs.org/jade
npm http GET https://registry.npmjs.org/jade/-/jade-0.28.1.tgz
npm http 200 https://registry.npmjs.org/express/-/express-2.5.0.tgz
npm http 200 https://registry.npmjs.org/jade/-/jade-0.28.1.tgz
npm WARN engine express@2.5.0: wanted: {"node":">= 0.4.1 < 0.7.0"} (current: {"node":"v0.8.21","npm":"1.2.11"})
npm http GET https://registry.npmjs.org/connect
npm http GET https://registry.npmjs.org/mime
npm http GET https://registry.npmjs.org/commander/0.6.1
npm http GET https://registry.npmjs.org/mkdirp
npm http GET https://registry.npmjs.org/qs
npm http GET https://registry.npmjs.org/coffee-script
npm http GET https://registry.npmjs.org/mkdirp/0.0.7
npm http 200 https://registry.npmjs.org/commander/0.6.1
npm http GET https://registry.npmjs.org/commander/-/commander-0.6.1.tgz
npm http 200 https://registry.npmjs.org/qs
npm http GET https://registry.npmjs.org/qs/-/qs-0.5.3.tgz
npm http 200 https://registry.npmjs.org/mime
npm http GET https://registry.npmjs.org/mime/-/mime-1.2.9.tgz
npm http 200 https://registry.npmjs.org/mkdirp
npm http GET https://registry.npmjs.org/mkdirp/-/mkdirp-0.3.5.tgz
npm http 200 https://registry.npmjs.org/mkdirp/0.0.7
npm http GET https://registry.npmjs.org/mkdirp/-/mkdirp-0.0.7.tgz
npm http 200 https://registry.npmjs.org/commander/-/commander-0.6.1.tgz
npm http 200 https://registry.npmjs.org/qs/-/qs-0.5.3.tgz
npm http 200 https://registry.npmjs.org/mime/-/mime-1.2.9.tgz
npm http 200 https://registry.npmjs.org/coffee-script
npm http GET https://registry.npmjs.org/coffee-script/-/coffee-script-1.4.0.tgz
npm http 200 https://registry.npmjs.org/mkdirp/-/mkdirp-0.3.5.tgz
npm http 200 https://registry.npmjs.org/connect
npm http GET https://registry.npmjs.org/connect/-/connect-1.7.3.tgz
npm http 200 https://registry.npmjs.org/mkdirp/-/mkdirp-0.0.7.tgz
npm http 200 https://registry.npmjs.org/coffee-script/-/coffee-script-1.4.0.tgz
npm http 200 https://registry.npmjs.org/connect/-/connect-1.7.3.tgz
npm WARN package.json connect@1.7.3 No README.md file found!
npm WARN engine connect@1.7.3: wanted: {"node":">= 0.4.1 < 0.7.0"} (current: {"node":"v0.8.21","npm":"1.2.11"})
jade@0.28.1 node_modules/jade
├── commander@0.6.1
├── mkdirp@0.3.5
└── coffee-script@1.4.0

express@2.5.0 node_modules/express
├── mkdirp@0.0.7
├── mime@1.2.9
├── qs@0.5.3
└── connect@1.7.3
npm WARN package.json application-name@0.0.1 No README.md file found!
ERROR: Procfile does not exist.
restarting Node.JS app
restarting Node.JS app
restarting Node.JS app
restarting Node.JS app
